#
# There is insufficient memory for the Java Runtime Environment to continue.
# Native memory allocation (malloc) failed to allocate 32756 bytes for ChunkPool::allocate
# Possible reasons:
#   The system is out of physical RAM or swap space
#   In 32 bit mode, the process size limit was hit
# Possible solutions:
#   Reduce memory load on the system
#   Increase physical memory or swap space
#   Check if swap backing store is full
#   Use 64 bit Java on a 64 bit OS
#   Decrease Java heap size (-Xmx/-Xms)
#   Decrease number of Java threads
#   Decrease Java thread stack sizes (-Xss)
#   Set larger code cache with -XX:ReservedCodeCacheSize=
# This output file may be truncated or incomplete.
#
#  Out of Memory Error (allocation.cpp:273), pid=9004, tid=3952
#
# JRE version: Java(TM) SE Runtime Environment (8.0_73-b02) (build 1.8.0_73-b02)
# Java VM: Java HotSpot(TM) Client VM (25.73-b02 mixed mode windows-x86 )
# Failed to write core dump. Minidumps are not enabled by default on client versions of Windows
#

---------------  T H R E A D  ---------------

Current thread (0x15094400):  JavaThread "C1 CompilerThread0" daemon [_thread_in_native, id=3952, stack(0x155d0000,0x15620000)]

Stack: [0x155d0000,0x15620000],  sp=0x1561eeec,  free space=315k
Native frames: (J=compiled Java code, j=interpreted, Vv=VM code, C=native code)
V  [jvm.dll+0x1a7f9b]
V  [jvm.dll+0x1a0888]
V  [jvm.dll+0x8b771]
V  [jvm.dll+0x8b94d]
V  [jvm.dll+0x8bdc7]
V  [jvm.dll+0xa37a4]
V  [jvm.dll+0x19f5ab]
V  [jvm.dll+0x29c32c]
V  [jvm.dll+0x29c350]
V  [jvm.dll+0x29c6aa]
V  [jvm.dll+0x29fe30]
V  [jvm.dll+0x2a0235]
V  [jvm.dll+0x2a02e3]
V  [jvm.dll+0x2a0907]
V  [jvm.dll+0x2a1ed3]
V  [jvm.dll+0x286d49]
V  [jvm.dll+0x286e1a]
V  [jvm.dll+0x286f88]
V  [jvm.dll+0x287202]
V  [jvm.dll+0x6f4ea]
V  [jvm.dll+0x6fc9f]
V  [jvm.dll+0x17c03c]
V  [jvm.dll+0x17c12a]
V  [jvm.dll+0x1c0636]
C  [msvcr100.dll+0x5c556]
C  [msvcr100.dll+0x5c600]
C  [KERNEL32.DLL+0x18744]
C  [ntdll.dll+0x6582d]
C  [ntdll.dll+0x657fd]
C  0x00000000


Current CompileTask:
C1:  25641 2117   !         org.springframework.beans.factory.support.ConstructorResolver::instantiateUsingFactoryMethod (1473 bytes)


---------------  P R O C E S S  ---------------

Java Threads: ( => current thread )
  0x17b99000 JavaThread "lettuce-nioEventLoop-5-1" daemon [_thread_in_native, id=10116, stack(0x1a950000,0x1a9a0000)]
  0x1671b800 JavaThread "threadDeathWatcher-4-1" daemon [_thread_blocked, id=12688, stack(0x19790000,0x197e0000)]
  0x17598000 JavaThread "container-0" [_thread_blocked, id=11168, stack(0x19600000,0x19650000)]
  0x15835800 JavaThread "ContainerBackgroundProcessor[StandardEngine[Tomcat]]" daemon [_thread_blocked, id=7012, stack(0x19570000,0x195c0000)]
  0x17648c00 JavaThread "Abandoned connection cleanup thread" daemon [_thread_blocked, id=8492, stack(0x18ae0000,0x18b30000)]
  0x17648400 JavaThread "Tomcat JDBC Pool Cleaner[18370502:1504558354837]" daemon [_thread_blocked, id=11116, stack(0x18a50000,0x18aa0000)]
  0x1752f800 JavaThread "localhost-startStop-1" daemon [_thread_blocked, id=11708, stack(0x170f0000,0x17140000)]
  0x17562800 JavaThread "Tomcat-startStop-1" daemon [_thread_blocked, id=6960, stack(0x16b60000,0x16bb0000)]
  0x159ae000 JavaThread "Monitor Ctrl-Break" daemon [_thread_in_native, id=10800, stack(0x15b80000,0x15bd0000)]
  0x150b5000 JavaThread "Service Thread" daemon [_thread_blocked, id=1016, stack(0x15660000,0x156b0000)]
=>0x15094400 JavaThread "C1 CompilerThread0" daemon [_thread_in_native, id=3952, stack(0x155d0000,0x15620000)]
  0x15092c00 JavaThread "Attach Listener" daemon [_thread_blocked, id=1576, stack(0x15540000,0x15590000)]
  0x15090c00 JavaThread "Signal Dispatcher" daemon [_thread_blocked, id=5980, stack(0x154b0000,0x15500000)]
  0x1506c800 JavaThread "Finalizer" daemon [_thread_blocked, id=2480, stack(0x15330000,0x15380000)]
  0x15067800 JavaThread "Reference Handler" daemon [_thread_blocked, id=10760, stack(0x152a0000,0x152f0000)]
  0x028a2800 JavaThread "main" [_thread_in_native, id=4948, stack(0x02820000,0x02870000)]

Other Threads:
  0x15063000 VMThread [stack: 0x04b90000,0x04be0000] [id=8800]
  0x150b9000 WatcherThread [stack: 0x156f0000,0x15740000] [id=8788]

VM state:not at safepoint (normal execution)

VM Mutex/Monitor currently owned by a thread: None

Heap:
 def new generation   total 16576K, used 6474K [0x04c00000, 0x05df0000, 0x0a150000)
  eden space 14784K,  39% used [0x04c00000, 0x051bba78, 0x05a70000)
  from space 1792K,  33% used [0x05c30000, 0x05cc6e58, 0x05df0000)
  to   space 1792K,   0% used [0x05a70000, 0x05a70000, 0x05c30000)
 tenured generation   total 36692K, used 26251K [0x0a150000, 0x0c525000, 0x14c00000)
   the space 36692K,  71% used [0x0a150000, 0x0baf2ef8, 0x0baf3000, 0x0c525000)
 Metaspace       used 32477K, capacity 32680K, committed 32768K, reserved 33152K

Card table byte_map: [0x04a60000,0x04af0000] byte_map_base: 0x04a3a000

Polling page: 0x02870000

CodeCache: size=32768Kb used=3900Kb max_used=3900Kb free=28867Kb
 bounds [0x02a60000, 0x02e30000, 0x04a60000]
 total_blobs=2296 nmethods=2069 adapters=157
 compilation: enabled

Compilation events (10 events):
Event: 25.355 Thread 0x15094400 nmethod 2112 0x02e2e508 code [0x02e2e630, 0x02e2e828]
Event: 25.357 Thread 0x15094400 2113             org.springframework.util.ClassUtils::getAllInterfacesForClassAsSet (97 bytes)
Event: 25.360 Thread 0x15094400 nmethod 2113 0x02e2ea88 code [0x02e2ec20, 0x02e2efdc]
Event: 25.395 Thread 0x15094400 2114             java.util.HashSet::size (8 bytes)
Event: 25.396 Thread 0x15094400 nmethod 2114 0x02e2f448 code [0x02e2f540, 0x02e2f5d0]
Event: 25.518 Thread 0x15094400 2115             org.springframework.beans.factory.support.RootBeanDefinition::isFactoryMethod (24 bytes)
Event: 25.518 Thread 0x15094400 nmethod 2115 0x02e2f648 code [0x02e2f750, 0x02e2f81c]
Event: 25.518 Thread 0x15094400 2116             java.lang.ThreadLocal$ThreadLocalMap::cleanSomeSlots (60 bytes)
Event: 25.519 Thread 0x15094400 nmethod 2116 0x02e2f8c8 code [0x02e2f9d0, 0x02e2faec]
Event: 25.543 Thread 0x15094400 2117   !         org.springframework.beans.factory.support.ConstructorResolver::instantiateUsingFactoryMethod (1473 bytes)

GC Heap History (10 events):
Event: 23.436 GC heap before
{Heap before GC invocations=85 (full 3):
 def new generation   total 16576K, used 15815K [0x04c00000, 0x05df0000, 0x0a150000)
  eden space 14784K, 100% used [0x04c00000, 0x05a70000, 0x05a70000)
  from space 1792K,  57% used [0x05a70000, 0x05b71f68, 0x05c30000)
  to   space 1792K,   0% used [0x05c30000, 0x05c30000, 0x05df0000)
 tenured generation   total 36692K, used 23119K [0x0a150000, 0x0c525000, 0x14c00000)
   the space 36692K,  63% used [0x0a150000, 0x0b7e3ea8, 0x0b7e4000, 0x0c525000)
 Metaspace       used 30129K, capacity 30326K, committed 30464K, reserved 31104K
Event: 23.460 GC heap after
Heap after GC invocations=86 (full 3):
 def new generation   total 16576K, used 1115K [0x04c00000, 0x05df0000, 0x0a150000)
  eden space 14784K,   0% used [0x04c00000, 0x04c00000, 0x05a70000)
  from space 1792K,  62% used [0x05c30000, 0x05d46c38, 0x05df0000)
  to   space 1792K,   0% used [0x05a70000, 0x05a70000, 0x05c30000)
 tenured generation   total 36692K, used 23801K [0x0a150000, 0x0c525000, 0x14c00000)
   the space 36692K,  64% used [0x0a150000, 0x0b88e7b8, 0x0b88e800, 0x0c525000)
 Metaspace       used 30129K, capacity 30326K, committed 30464K, reserved 31104K
}
Event: 23.956 GC heap before
{Heap before GC invocations=86 (full 3):
 def new generation   total 16576K, used 15899K [0x04c00000, 0x05df0000, 0x0a150000)
  eden space 14784K, 100% used [0x04c00000, 0x05a70000, 0x05a70000)
  from space 1792K,  62% used [0x05c30000, 0x05d46c38, 0x05df0000)
  to   space 1792K,   0% used [0x05a70000, 0x05a70000, 0x05c30000)
 tenured generation   total 36692K, used 23801K [0x0a150000, 0x0c525000, 0x14c00000)
   the space 36692K,  64% used [0x0a150000, 0x0b88e7b8, 0x0b88e800, 0x0c525000)
 Metaspace       used 30968K, capacity 31163K, committed 31232K, reserved 32128K
Event: 23.972 GC heap after
Heap after GC invocations=87 (full 3):
 def new generation   total 16576K, used 1488K [0x04c00000, 0x05df0000, 0x0a150000)
  eden space 14784K,   0% used [0x04c00000, 0x04c00000, 0x05a70000)
  from space 1792K,  83% used [0x05a70000, 0x05be42d8, 0x05c30000)
  to   space 1792K,   0% used [0x05c30000, 0x05c30000, 0x05df0000)
 tenured generation   total 36692K, used 24312K [0x0a150000, 0x0c525000, 0x14c00000)
   the space 36692K,  66% used [0x0a150000, 0x0b90e348, 0x0b90e400, 0x0c525000)
 Metaspace       used 30968K, capacity 31163K, committed 31232K, reserved 32128K
}
Event: 24.868 GC heap before
{Heap before GC invocations=87 (full 3):
 def new generation   total 16576K, used 16272K [0x04c00000, 0x05df0000, 0x0a150000)
  eden space 14784K, 100% used [0x04c00000, 0x05a70000, 0x05a70000)
  from space 1792K,  83% used [0x05a70000, 0x05be42d8, 0x05c30000)
  to   space 1792K,   0% used [0x05c30000, 0x05c30000, 0x05df0000)
 tenured generation   total 36692K, used 24312K [0x0a150000, 0x0c525000, 0x14c00000)
   the space 36692K,  66% used [0x0a150000, 0x0b90e348, 0x0b90e400, 0x0c525000)
 Metaspace       used 31969K, capacity 32197K, committed 32384K, reserved 33152K
Event: 24.888 GC heap after
Heap after GC invocations=88 (full 3):
 def new generation   total 16576K, used 1702K [0x04c00000, 0x05df0000, 0x0a150000)
  eden space 14784K,   0% used [0x04c00000, 0x04c00000, 0x05a70000)
  from space 1792K,  95% used [0x05c30000, 0x05dd99d8, 0x05df0000)
  to   space 1792K,   0% used [0x05a70000, 0x05a70000, 0x05c30000)
 tenured generation   total 36692K, used 25282K [0x0a150000, 0x0c525000, 0x14c00000)
   the space 36692K,  68% used [0x0a150000, 0x0ba00948, 0x0ba00a00, 0x0c525000)
 Metaspace       used 31969K, capacity 32197K, committed 32384K, reserved 33152K
}
Event: 25.253 GC heap before
{Heap before GC invocations=88 (full 3):
 def new generation   total 16576K, used 16486K [0x04c00000, 0x05df0000, 0x0a150000)
  eden space 14784K, 100% used [0x04c00000, 0x05a70000, 0x05a70000)
  from space 1792K,  95% used [0x05c30000, 0x05dd99d8, 0x05df0000)
  to   space 1792K,   0% used [0x05a70000, 0x05a70000, 0x05c30000)
 tenured generation   total 36692K, used 25282K [0x0a150000, 0x0c525000, 0x14c00000)
   the space 36692K,  68% used [0x0a150000, 0x0ba00948, 0x0ba00a00, 0x0c525000)
 Metaspace       used 32343K, capacity 32581K, committed 32768K, reserved 33152K
Event: 25.267 GC heap after
Heap after GC invocations=89 (full 3):
 def new generation   total 16576K, used 1017K [0x04c00000, 0x05df0000, 0x0a150000)
  eden space 14784K,   0% used [0x04c00000, 0x04c00000, 0x05a70000)
  from space 1792K,  56% used [0x05a70000, 0x05b6e6e0, 0x05c30000)
  to   space 1792K,   0% used [0x05c30000, 0x05c30000, 0x05df0000)
 tenured generation   total 36692K, used 25940K [0x0a150000, 0x0c525000, 0x14c00000)
   the space 36692K,  70% used [0x0a150000, 0x0baa52b0, 0x0baa5400, 0x0c525000)
 Metaspace       used 32343K, capacity 32581K, committed 32768K, reserved 33152K
}
Event: 25.530 GC heap before
{Heap before GC invocations=89 (full 3):
 def new generation   total 16576K, used 15801K [0x04c00000, 0x05df0000, 0x0a150000)
  eden space 14784K, 100% used [0x04c00000, 0x05a70000, 0x05a70000)
  from space 1792K,  56% used [0x05a70000, 0x05b6e6e0, 0x05c30000)
  to   space 1792K,   0% used [0x05c30000, 0x05c30000, 0x05df0000)
 tenured generation   total 36692K, used 25940K [0x0a150000, 0x0c525000, 0x14c00000)
   the space 36692K,  70% used [0x0a150000, 0x0baa52b0, 0x0baa5400, 0x0c525000)
 Metaspace       used 32455K, capacity 32680K, committed 32768K, reserved 33152K
Event: 25.542 GC heap after
Heap after GC invocations=90 (full 3):
 def new generation   total 16576K, used 603K [0x04c00000, 0x05df0000, 0x0a150000)
  eden space 14784K,   0% used [0x04c00000, 0x04c00000, 0x05a70000)
  from space 1792K,  33% used [0x05c30000, 0x05cc6e58, 0x05df0000)
  to   space 1792K,   0% used [0x05a70000, 0x05a70000, 0x05c30000)
 tenured generation   total 36692K, used 26251K [0x0a150000, 0x0c525000, 0x14c00000)
   the space 36692K,  71% used [0x0a150000, 0x0baf2ef8, 0x0baf3000, 0x0c525000)
 Metaspace       used 32455K, capacity 32680K, committed 32768K, reserved 33152K
}

Deoptimization events (0 events):
No events

Internal exceptions (10 events):
Event: 25.549 Thread 0x028a2800 Exception <a 'java/lang/ClassNotFoundException': java/lang/ComparableCustomizer> (0x04c55878) thrown at [D:\re\workspace\8-2-build-windows-i586-cygwin\jdk8u73\6086\hotspot\src\share\vm\classfile\systemDictionary.cpp, line 210]
Event: 25.549 Thread 0x028a2800 Exception <a 'java/lang/ArrayIndexOutOfBoundsException'> (0x04c56008) thrown at [D:\re\workspace\8-2-build-windows-i586-cygwin\jdk8u73\6086\hotspot\src\share\vm\runtime\sharedRuntime.cpp, line 605]
Event: 25.550 Thread 0x028a2800 Exception <a 'java/lang/ClassNotFoundException': java/lang/CharSequenceCustomizer> (0x04c5e368) thrown at [D:\re\workspace\8-2-build-windows-i586-cygwin\jdk8u73\6086\hotspot\src\share\vm\classfile\systemDictionary.cpp, line 210]
Event: 25.554 Thread 0x028a2800 Exception <a 'java/lang/ClassNotFoundException': java/lang/ObjectCustomizer> (0x04c86568) thrown at [D:\re\workspace\8-2-build-windows-i586-cygwin\jdk8u73\6086\hotspot\src\share\vm\classfile\systemDictionary.cpp, line 210]
Event: 25.557 Thread 0x028a2800 Exception <a 'java/lang/ClassNotFoundException': org/springframework/boot/autoconfigure/context/PropertyPlaceholderAutoConfigurationCustomizer> (0x04ca94e8) thrown at [D:\re\workspace\8-2-build-windows-i586-cygwin\jdk8u73\6086\hotspot\src\share\vm\classfilXÒ»è9@
Event: 25.559 Thread 0x028a2800 Exception <a 'java/lang/ClassNotFoundException': org/springframework/boot/autoconfigure/context/PropertyPlaceholderAutoConfiguration$$EnhancerBySpringCGLIB$$b1d266ecCustomizer> (0x04cd3510) thrown at [D:\re\workspace\8-2-build-windows-i586-cygwin\jdk8u73\6ı¢è9@
Event: 25.561 Thread 0x028a2800 Exception <a 'java/lang/ClassNotFoundException': org/springframework/context/annotation/ConfigurationClassEnhancer$EnhancedConfigurationCustomizer> (0x04cfa0e0) thrown at [D:\re\workspace\8-2-build-windows-i586-cygwin\jdk8u73\6086\hotspot\src\share\vm\clas]Lp`ƒê9@
Event: 25.565 Thread 0x028a2800 Exception <a 'java/lang/ClassNotFoundException': java/lang/ObjectCustomizer> (0x04d111c8) thrown at [D:\re\workspace\8-2-build-windows-i586-cygwin\jdk8u73\6086\hotspot\src\share\vm\classfile\systemDictionary.cpp, line 210]
Event: 25.567 Thread 0x028a2800 Exception <a 'java/lang/ClassNotFoundException': org/springframework/boot/autoconfigure/websocket/WebSocketAutoConfigurationCustomizer> (0x04d31f40) thrown at [D:\re\workspace\8-2-build-windows-i586-cygwin\jdk8u73\6086\hotspot\src\share\vm\classfile\system uÁ∞“ë9@
Event: 25.570 Thread 0x028a2800 Exception <a 'java/lang/ClassNotFoundException': org/springframework/boot/autoconfigure/websocket/WebSocketAutoConfiguration$$EnhancerBySpringCGLIB$$c3cc890bCustomizer> (0x04d59320) thrown at [D:\re\workspace\8-2-build-windows-i586-cygwin\jdk8u73\6086\hots¯¶ëI°å9@

Events (10 events):
Event: 25.567 loading class org/springframework/boot/autoconfigure/websocket/WebSocketAutoConfigurationCustomizer
Event: 25.567 loading class org/springframework/boot/autoconfigure/websocket/WebSocketAutoConfigurationCustomizer done
Event: 25.568 loading class org/springframework/boot/autoconfigure/websocket/WebSocketAutoConfiguration$$EnhancerBySpringCGLIB$$c3cc890bCustomizer
Event: 25.568 loading class org/springframework/boot/autoconfigure/websocket/WebSocketAutoConfiguration$$EnhancerBySpringCGLIB$$c3cc890bCustomizer done
Event: 25.569 loading class org/springframework/boot/autoconfigure/websocket/WebSocketAutoConfiguration$$EnhancerBySpringCGLIB$$c3cc890bCustomizer
Event: 25.569 loading class org/springframework/boot/autoconfigure/websocket/WebSocketAutoConfiguration$$EnhancerBySpringCGLIB$$c3cc890bCustomizer done
Event: 25.570 loading class org/springframework/boot/autoconfigure/websocket/WebSocketAutoConfiguration$$EnhancerBySpringCGLIB$$c3cc890bCustomizer
Event: 25.570 loading class org/springframework/boot/autoconfigure/websocket/WebSocketAutoConfiguration$$EnhancerBySpringCGLIB$$c3cc890bCustomizer done
Event: 25.570 loading class org/springframework/context/annotation/ConfigurationClassEnhancer$EnhancedConfigurationCustomizer
Event: 25.570 loading class org/springframework/context/annotation/ConfigurationClassEnhancer$EnhancedConfigurationCustomizer done


Dynamic libraries:
0x008f0000 - 0x00923000 	C:\Program Files (x86)\Java\jdk1.8.0_73\bin\java.exe
0x77410000 - 0x7759e000 	C:\WINDOWS\SYSTEM32\ntdll.dll
0x74ed0000 - 0x74fa0000 	C:\WINDOWS\System32\KERNEL32.DLL
0x76d40000 - 0x76f02000 	C:\WINDOWS\System32\KERNELBASE.dll
0x67e00000 - 0x67e93000 	C:\WINDOWS\SYSTEM32\apphelp.dll
0x74800000 - 0x74877000 	C:\WINDOWS\System32\ADVAPI32.dll
0x766a0000 - 0x7675d000 	C:\WINDOWS\System32\msvcrt.dll
0x73f00000 - 0x73f41000 	C:\WINDOWS\System32\sechost.dll
0x73f50000 - 0x74010000 	C:\WINDOWS\System32\RPCRT4.dll
0x73ee0000 - 0x73f00000 	C:\WINDOWS\System32\SspiCli.dll
0x73ed0000 - 0x73eda000 	C:\WINDOWS\System32\CRYPTBASE.dll
0x76840000 - 0x76897000 	C:\WINDOWS\System32\bcryptPrimitives.dll
0x768a0000 - 0x769dc000 	C:\WINDOWS\System32\USER32.dll
0x767b0000 - 0x767c6000 	C:\WINDOWS\System32\win32u.dll
0x74ea0000 - 0x74ec1000 	C:\WINDOWS\System32\GDI32.dll
0x772b0000 - 0x77408000 	C:\WINDOWS\System32\gdi32full.dll
0x76bc0000 - 0x76c39000 	C:\WINDOWS\System32\msvcp_win.dll
0x769f0000 - 0x76b08000 	C:\WINDOWS\System32\ucrtbase.dll
0x6a090000 - 0x6a29e000 	C:\WINDOWS\WinSxS\x86_microsoft.windows.common-controls_6595b64144ccf1df_6.0.15063.483_none_6dad63fefc436da8\COMCTL32.dll
0x74fa0000 - 0x751d8000 	C:\WINDOWS\System32\combase.dll
0x77090000 - 0x770b5000 	C:\WINDOWS\System32\IMM32.DLL
0x673d0000 - 0x6748f000 	C:\Program Files (x86)\Java\jdk1.8.0_73\jre\bin\msvcr100.dll
0x67000000 - 0x673c8000 	C:\Program Files (x86)\Java\jdk1.8.0_73\jre\bin\client\jvm.dll
0x74010000 - 0x74016000 	C:\WINDOWS\System32\PSAPI.DLL
0x70a00000 - 0x70a08000 	C:\WINDOWS\SYSTEM32\WSOCK32.dll
0x74690000 - 0x746f7000 	C:\WINDOWS\System32\WS2_32.dll
0x697c0000 - 0x697e4000 	C:\WINDOWS\SYSTEM32\WINMM.dll
0x69790000 - 0x697b3000 	C:\WINDOWS\SYSTEM32\WINMMBASE.dll
0x74e10000 - 0x74e49000 	C:\WINDOWS\System32\cfgmgr32.dll
0x73cb0000 - 0x73cb8000 	C:\WINDOWS\SYSTEM32\VERSION.dll
0x66bb0000 - 0x66bbc000 	C:\Program Files (x86)\Java\jdk1.8.0_73\jre\bin\verify.dll
0x66b80000 - 0x66ba1000 	C:\Program Files (x86)\Java\jdk1.8.0_73\jre\bin\java.dll
0x668e0000 - 0x668f3000 	C:\Program Files (x86)\Java\jdk1.8.0_73\jre\bin\zip.dll
0x751e0000 - 0x76528000 	C:\WINDOWS\System32\SHELL32.dll
0x76b10000 - 0x76b9c000 	C:\WINDOWS\System32\shcore.dll
0x74880000 - 0x74e04000 	C:\WINDOWS\System32\windows.storage.dll
0x76760000 - 0x767a5000 	C:\WINDOWS\System32\shlwapi.dll
0x76830000 - 0x7683e000 	C:\WINDOWS\System32\kernel.appcore.dll
0x770d0000 - 0x77115000 	C:\WINDOWS\System32\powrprof.dll
0x769e0000 - 0x769f0000 	C:\WINDOWS\System32\profapi.dll
0x02a40000 - 0x02a47000 	C:\Program Files (x86)\JetBrains\IntelliJ IDEA 2016.3.1\bin\breakgen.dll
0x668c0000 - 0x668d6000 	C:\Program Files (x86)\Java\jdk1.8.0_73\jre\bin\net.dll
0x70dc0000 - 0x70e0e000 	C:\WINDOWS\system32\mswsock.dll
0x668a0000 - 0x668aa000 	C:\Program Files (x86)\Java\jdk1.8.0_73\jre\bin\management.dll
0x70550000 - 0x70561000 	C:\WINDOWS\system32\napinsp.dll
0x70530000 - 0x70546000 	C:\WINDOWS\system32\pnrpnsp.dll
0x70510000 - 0x70523000 	C:\WINDOWS\system32\NLAapi.dll
0x707e0000 - 0x7085f000 	C:\WINDOWS\SYSTEM32\DNSAPI.dll
0x74700000 - 0x74707000 	C:\WINDOWS\System32\NSI.dll
0x707b0000 - 0x707df000 	C:\WINDOWS\SYSTEM32\IPHLPAPI.DLL
0x70500000 - 0x7050b000 	C:\WINDOWS\System32\winrnr.dll
0x704f0000 - 0x70500000 	C:\WINDOWS\System32\wshbth.dll
0x707a0000 - 0x707a8000 	C:\Windows\System32\rasadhlp.dll
0x70750000 - 0x7079a000 	C:\WINDOWS\System32\fwpuclnt.dll
0x71d30000 - 0x71d48000 	C:\WINDOWS\SYSTEM32\bcrypt.dll
0x668b0000 - 0x668bf000 	C:\Program Files (x86)\Java\jdk1.8.0_73\jre\bin\nio.dll
0x71d10000 - 0x71d23000 	C:\WINDOWS\SYSTEM32\CRYPTSP.dll
0x71ce0000 - 0x71d0f000 	C:\WINDOWS\system32\rsaenh.dll
0x73cc0000 - 0x73ce2000 	C:\WINDOWS\SYSTEM32\USERENV.dll
0x706c0000 - 0x706d3000 	C:\WINDOWS\SYSTEM32\dhcpcsvc6.DLL
0x706e0000 - 0x706f4000 	C:\WINDOWS\SYSTEM32\dhcpcsvc.DLL
0x701b0000 - 0x7030d000 	C:\WINDOWS\SYSTEM32\dbghelp.dll

VM Arguments:
jvm_args: -Dspring.output.ansi.enabled=always -Didea.launcher.port=7533 -Didea.launcher.bin.path=C:\Program Files (x86)\JetBrains\IntelliJ IDEA 2016.3.1\bin -Dfile.encoding=UTF-8 
java_command: com.intellij.rt.execution.application.AppMain com.bookstore.BookstoreApplication
java_class_path (initial): C:\Program Files (x86)\Java\jdk1.8.0_73\jre\lib\charsets.jar;C:\Program Files (x86)\Java\jdk1.8.0_73\jre\lib\deploy.jar;C:\Program Files (x86)\Java\jdk1.8.0_73\jre\lib\ext\access-bridge-32.jar;C:\Program Files (x86)\Java\jdk1.8.0_73\jre\lib\ext\cldrdata.jar;C:\Program Files (x86)\Java\jdk1.8.0_73\jre\lib\ext\dnsns.jar;C:\Program Files (x86)\Java\jdk1.8.0_73\jre\lib\ext\jaccess.jar;C:\Program Files (x86)\Java\jdk1.8.0_73\jre\lib\ext\jfxrt.jar;C:\Program Files (x86)\Java\jdk1.8.0_73\jre\lib\ext\localedata.jar;C:\Program Files (x86)\Java\jdk1.8.0_73\jre\lib\ext\nashorn.jar;C:\Program Files (x86)\Java\jdk1.8.0_73\jre\lib\ext\sunec.jar;C:\Program Files (x86)\Java\jdk1.8.0_73\jre\lib\ext\sunjce_provider.jar;C:\Program Files (x86)\Java\jdk1.8.0_73\jre\lib\ext\sunmscapi.jar;C:\Program Files (x86)\Java\jdk1.8.0_73\jre\lib\ext\sunpkcs11.jar;C:\Program Files (x86)\Java\jdk1.8.0_73\jre\lib\ext\zipfs.jar;C:\Program Files (x86)\Java\jdk1.8.0_73\jre\lib\javaws.jar;C:\Program Files (x86)\Java\jdk1.8.0_73\jre\lib\jce.jar;C:\Program Files (x86)\Java\jdk1.8.0_73\jre\lib\jfr.jar;C:\Program Files (x86)\Java\jdk1.8.0_73\jre\lib\jfxswt.jar;C:\Program Files (x86)\Java\jdk1.8.0_73\jre\lib\jsse.jar;C:\Program Files (x86)\Java\jdk1.8.0_73\jre\lib\management-agent.jar;C:\Program Files (x86)\Java\jdk1.8.0_73\jre\lib\plugin.jar;C:\Program Files (x86)\Java\jdk1.8.0_73\jre\lib\resources.jar;C:\Program Files (x86)\Java\jdk1.8.0_73\jre\lib\rt.jar;C:\Users\Manoj Baral\IdeaProjects\bookstore-angular\target\classes;C:\Users\Manoj Baral\.m2\repository\org\springframework\boot\spring-boot-starter-web\1.5.3.RELEASE\spring-boot-starter-web-1.5.3.RELEASE.jar;C:\Users\Manoj Baral\.m2\repository\org\springframework\boot\spring-boot-starter\1.5.3.RELEASE\spring-boot-starter-1.5.3.RELEASE.jar;C:\Users\Manoj Baral\.m2\repository\org\springframework\boot\spring-boot\1.5.3.RELEASE\spring-boot-1.5.3.RELEASE.jar;C:\Users\Manoj Baral\.m2\repository\org\springframework\boot\spring-boot-aut
Launcher Type: SUN_STANDARD

Environment Variables:
JAVA_HOME=C:\Program Files\Java\jdk1.8.0_20
PATH=C:\app\product\12.1.0\dbhome_1\bin;C:\product\12.1.0\dbhome_1\bin;C:\ProgramData\Oracle\Java\javapath;C:\Program Files\Java\jdk1.8.0_20\bin;C:\Program Files\Java\jre1.8.0_91\bin;C:\Program Files\apache-maven-3.3.9\bin;C:\Program Files\wildfly-10.1.0.Final\bin;C:\Windows\System32;C:\Program Files\Git\cmd;C:\Program Files\Git\mingw64\bin;C:\Program Files\Git\usr\bin;C:\Program Files (x86)\Skype\Phone\;C:\Program Files\java_ee_sdk-7u2\glassfish4\bin;c:\Program Files\Microsoft SQL Server\110\Tools\Binn\;c:\Program Files (x86)\Microsoft SQL Server\110\Tools\Binn\ManagementStudio\;c:\Program Files (x86)\Microsoft SQL Server\110\Tools\Binn\;c:\Program Files (x86)\Microsoft SQL Server\110\DTS\Binn\;c:\Program Files\Microsoft SQL Server\110\DTS\Binn\;C:\WINDOWS\system32;C:\WINDOWS;C:\WINDOWS\System32\Wbem;C:\WINDOWS\System32\WindowsPowerShell\v1.0\;C:\Program Files (x86)\Microsoft Visual Studio 10.0\Common7\IDE\PrivateAssemblies\;C:\Program Files\SASHome\SASFoundation\9.4\ets\sasexe;C:\Program Files\MySQL\MySQL Server 5.7\bin\mysqld.exe;C:\Users\Manoj Baral\AppData\Local\Programs\Python\Python35-32\;c:\Program Files\Intel\WiFi\bin\;c:\Program Files\Common Files\Intel\WirelessCommon\;C:\Program Files (x86)\SSH Communications Security\SSH Secure Shell;C:\Users\Manoj Baral\AppData\Local\Microsoft\WindowsApps;C:\Users\Manoj Baral\AppData\Roaming\nvm;C:\Program Files\nodejs;C:\Users\Manoj Baral\AppData\Roaming\npm;C:\Program Files\Heroku\bin;
USERNAME=Manoj Baral
OS=Windows_NT
PROCESSOR_IDENTIFIER=Intel64 Family 6 Model 69 Stepping 1, GenuineIntel



---------------  S Y S T E M  ---------------

OS: Windows 10.0 , 64 bit Build 15063 (10.0.15063.296)

CPU:total 4 (2 cores per cpu, 2 threads per core) family 6 model 69 stepping 1, cmov, cx8, fxsr, mmx, sse, sse2, sse3, ssse3, sse4.1, sse4.2, popcnt, avx, avx2, aes, clmul, erms, lzcnt, ht, tsc, tscinvbit, bmi1, bmi2

Memory: 4k page, physical 4124952k(274104k free), swap 6172952k(4140k free)

vm_info: Java HotSpot(TM) Client VM (25.73-b02) for windows-x86 JRE (1.8.0_73-b02), built on Jan 29 2016 17:05:52 by "java_re" with MS VC++ 10.0 (VS2010)

time: Mon Sep 04 13:52:46 2017
elapsed time: 25 seconds (0d 0h 0m 25s)

